<?xml version="1.0" encoding="UTF-8" ?>
<testsuite failures="0" time="0.085" errors="0" skipped="0" tests="3" name="com.mycompany.remove.dup.integers.DuplicateRemoverTest">
  <properties>
[...]
</properties>
  <testcase time="0" classname="com.mycompany.remove.dup.integers.DuplicateRemoverTest" name="remDuplicatesSort"/>
  <testcase time="0" classname="com.mycompany.remove.dup.integers.DuplicateRemoverTest" name="removesDuplicateMapTest"/>
  <testcase time="0" classname="com.mycompany.remove.dup.integers.DuplicateRemoverTest" name="removesDuplicateSetTest"/>
</testsuite>